Removed Pin From Net: NetName=VCC Pin=IC4-1
Removed Pin From Net: NetName=VCC Pin=IC4-2
Removed Pin From Net: NetName=VCC Pin=IC4-3
Removed Pin From Net: NetName=MOTOR- Pin=IC4-5
Removed Pin From Net: NetName=MOTOR- Pin=IC4-6
Removed Pin From Net: NetName=MOTOR- Pin=IC4-7
Removed Pin From Net: NetName=MOTOR- Pin=IC4-8
Removed Pin From Net: NetName=MOTOR- Pin=IC5-1
Removed Pin From Net: NetName=MOTOR- Pin=IC5-2
Removed Pin From Net: NetName=MOTOR- Pin=IC5-3
Removed Pin From Net: NetName=NetIC3_1 Pin=IC5-5
Removed Pin From Net: NetName=NetIC3_1 Pin=IC5-6
Removed Pin From Net: NetName=NetIC3_1 Pin=IC5-7
Removed Pin From Net: NetName=NetIC3_1 Pin=IC5-8
Added Pin To Net: NetName=VCC Pin=IC4-5
Added Pin To Net: NetName=VCC Pin=IC4-6
Added Pin To Net: NetName=VCC Pin=IC4-7
Added Pin To Net: NetName=VCC Pin=IC4-8
Added Pin To Net: NetName=NetIC3_1 Pin=IC5-1
Added Pin To Net: NetName=NetIC3_1 Pin=IC5-2
Added Pin To Net: NetName=NetIC3_1 Pin=IC5-3
Added Pin To Net: NetName=NetIC4_1 Pin=IC4-1
Added Pin To Net: NetName=NetIC4_1 Pin=IC4-2
Added Pin To Net: NetName=NetIC4_1 Pin=IC4-3
Added Pin To Net: NetName=NetIC4_1 Pin=IC5-5
Added Pin To Net: NetName=NetIC4_1 Pin=IC5-6
Added Pin To Net: NetName=NetIC4_1 Pin=IC5-7
Added Pin To Net: NetName=NetIC4_1 Pin=IC5-8
Added Net: Name=NetIC4_1
Added Room: Name=IO
Added Room: Name=MCU
Added Room: Name=Motor_Control
Added Room: Name=Power
