Removed Pin From Net: NetName=VCC_PROT Pin=C13-2
Removed Pin From Net: NetName=GND Pin=C16-1
Removed Pin From Net: NetName=AVDD Pin=C16-2
Removed Pin From Net: NetName=GND Pin=C17-1
Removed Pin From Net: NetName=GND Pin=C18-1
Removed Pin From Net: NetName=VCC_PROT Pin=C18-2
Removed Pin From Net: NetName=GND Pin=C22-1
Removed Pin From Net: NetName=+3.3 Pin=C22-2
Removed Pin From Net: NetName=NetQ1_3 Pin=R17-1
Removed Pin From Net: NetName=AVDD Pin=R17-2
Removed Pin From Net: NetName=NetC14_2 Pin=U4-3
Removed Pin From Net: NetName=NetC14_1 Pin=U4-4
Change Component Footprint: Designator=C13 Old Footprint=CAP 0603_1608 New Footprint=chip_0805
Change Component Footprint: Designator=C14 Old Footprint=CAP 0603_1608 New Footprint=chip_0805
Change Component Footprint: Designator=C16 Old Footprint=CAP 0603_1608 New Footprint=chip_0805
Change Component Footprint: Designator=C17 Old Footprint=CAP 0603_1608 New Footprint=chip_0805
Change Component Footprint: Designator=C18 Old Footprint=CAP 0603_1608 New Footprint=chip_0805
Change Component Footprint: Designator=C19 Old Footprint=CAP 0603_1608 New Footprint=chip_0805
Change Component Footprint: Designator=C22 Old Footprint=CAP 0805_2012 New Footprint=chip_1206
Change Component Footprint: Designator=R17 Old Footprint=RES 0603_1608 New Footprint=chip_0805
Change Component Comment : Designator=C14 Old Comment=0.1µF New Comment=0.10uF
Change Component Comment : Designator=C18 Old Comment=0.1µF New Comment=0.10uF
Change Component Comment : Designator=C13 Old Comment=1µF New Comment=1uF
Change Component Comment : Designator=C16 Old Comment=1µF New Comment=1uF
Change Component Comment : Designator=C17 Old Comment=1µF New Comment=1uF
Change Component Comment : Designator=R17 Old Comment=10 kOhms New Comment=10k
Change Component Comment : Designator=C22 Old Comment=10µF New Comment=10uF
Change Component Comment : Designator=C19 Old Comment=cap_single_np New Comment=10000pF
Change component parameters: Designator = "C19" ("C19"); Footprint = "CAP 0603_1608"; UniqueID = "\XZTMXWGG" ("\XZTMXWGG")
Change component parameters (AddParameter): Name = "Capacitance"; Value = "10000pF"; VariantName = "[No Variations]"
Change component parameters (AddParameter): Name = "Manufacturer"; Value = "Murata"; VariantName = "[No Variations]"
Change component parameters (AddParameter): Name = "Manufacturer PN"; Value = "GRM216R71H103KA01D"; VariantName = "[No Variations]"
Change component parameters (AddParameter): Name = "Part Number"; Value = "CAP-00040"; VariantName = "[No Variations]"
Change component parameters (AddParameter): Name = "Tolerance"; Value = "10%"; VariantName = "[No Variations]"
Change component parameters (AddParameter): Name = "Type"; Value = "X7R"; VariantName = "[No Variations]"
Change component parameters (AddParameter): Name = "Voltage Rating"; Value = "50V"; VariantName = "[No Variations]"
Change component parameters: Designator = "C22" ("C22"); Footprint = "CAP 0805_2012"; UniqueID = "\QIPHSXEG" ("\QIPHSXEG")
Change component parameters (AddParameter): Name = "Capacitance"; Value = "10uF"; VariantName = "[No Variations]"
Change component parameters (AddParameter): Name = "Manufacturer"; Value = "Samsung"; VariantName = "[No Variations]"
Change component parameters (AddParameter): Name = "Manufacturer PN"; Value = "CL31B106KAHNNNE"; VariantName = "[No Variations]"
Change component parameters (AddParameter): Name = "Part Number"; Value = "CAP-00539"; VariantName = "[No Variations]"
Change component parameters (AddParameter): Name = "Tolerance"; Value = "±10%"; VariantName = "[No Variations]"
Change component parameters (AddParameter): Name = "Type"; Value = "X7R"; VariantName = "[No Variations]"
Change component parameters (AddParameter): Name = "Voltage Rating"; Value = "25V"; VariantName = "[No Variations]"
Change component parameters: Designator = "C13" ("C13"); Footprint = "CAP 0603_1608"; UniqueID = "\SUVLWYNJ" ("\SUVLWYNJ")
Change component parameters (AddParameter): Name = "Capacitance"; Value = "1uF"; VariantName = "[No Variations]"
Change component parameters (AddParameter): Name = "Manufacturer"; Value = "Murata"; VariantName = "[No Variations]"
Change component parameters (AddParameter): Name = "Manufacturer PN"; Value = "GRM21BR71H105KA12L"; VariantName = "[No Variations]"
Change component parameters (AddParameter): Name = "Part Number"; Value = "CAP-00109"; VariantName = "[No Variations]"
Change component parameters (AddParameter): Name = "Tolerance"; Value = "10%"; VariantName = "[No Variations]"
Change component parameters (AddParameter): Name = "Type"; Value = "X7R"; VariantName = "[No Variations]"
Change component parameters (AddParameter): Name = "Voltage Rating"; Value = "50V"; VariantName = "[No Variations]"
Change component parameters: Designator = "C16" ("C16"); Footprint = "CAP 0603_1608"; UniqueID = "\WYGHMMUZ" ("\WYGHMMUZ")
Change component parameters (AddParameter): Name = "Capacitance"; Value = "1uF"; VariantName = "[No Variations]"
Change component parameters (AddParameter): Name = "Manufacturer"; Value = "Murata"; VariantName = "[No Variations]"
Change component parameters (AddParameter): Name = "Manufacturer PN"; Value = "GRM21BR71H105KA12L"; VariantName = "[No Variations]"
Change component parameters (AddParameter): Name = "Part Number"; Value = "CAP-00109"; VariantName = "[No Variations]"
Change component parameters (AddParameter): Name = "Tolerance"; Value = "10%"; VariantName = "[No Variations]"
Change component parameters (AddParameter): Name = "Type"; Value = "X7R"; VariantName = "[No Variations]"
Change component parameters (AddParameter): Name = "Voltage Rating"; Value = "50V"; VariantName = "[No Variations]"
Change component parameters: Designator = "C17" ("C17"); Footprint = "CAP 0603_1608"; UniqueID = "\RBUVJMCA" ("\RBUVJMCA")
Change component parameters (AddParameter): Name = "Capacitance"; Value = "1uF"; VariantName = "[No Variations]"
Change component parameters (AddParameter): Name = "Manufacturer"; Value = "Murata"; VariantName = "[No Variations]"
Change component parameters (AddParameter): Name = "Manufacturer PN"; Value = "GRM21BR71H105KA12L"; VariantName = "[No Variations]"
Change component parameters (AddParameter): Name = "Part Number"; Value = "CAP-00109"; VariantName = "[No Variations]"
Change component parameters (AddParameter): Name = "Tolerance"; Value = "10%"; VariantName = "[No Variations]"
Change component parameters (AddParameter): Name = "Type"; Value = "X7R"; VariantName = "[No Variations]"
Change component parameters (AddParameter): Name = "Voltage Rating"; Value = "50V"; VariantName = "[No Variations]"
Change component parameters: Designator = "C14" ("C14"); Footprint = "CAP 0603_1608"; UniqueID = "\LXSLZAQW" ("\LXSLZAQW")
Change component parameters (AddParameter): Name = "Capacitance"; Value = "0.10uF"; VariantName = "[No Variations]"
Change component parameters (AddParameter): Name = "Manufacturer"; Value = "Murata"; VariantName = "[No Variations]"
Change component parameters (AddParameter): Name = "Manufacturer PN"; Value = "GRM21BR71H104KA01L"; VariantName = "[No Variations]"
Change component parameters (AddParameter): Name = "Part Number"; Value = "CAP-00070"; VariantName = "[No Variations]"
Change component parameters (AddParameter): Name = "Tolerance"; Value = "10%"; VariantName = "[No Variations]"
Change component parameters (AddParameter): Name = "Type"; Value = "X7R"; VariantName = "[No Variations]"
Change component parameters (AddParameter): Name = "Voltage Rating"; Value = "50V"; VariantName = "[No Variations]"
Change component parameters: Designator = "C18" ("C18"); Footprint = "CAP 0603_1608"; UniqueID = "\IGNBIULC" ("\IGNBIULC")
Change component parameters (AddParameter): Name = "Capacitance"; Value = "0.10uF"; VariantName = "[No Variations]"
Change component parameters (AddParameter): Name = "Manufacturer"; Value = "Murata"; VariantName = "[No Variations]"
Change component parameters (AddParameter): Name = "Manufacturer PN"; Value = "GRM21BR71H104KA01L"; VariantName = "[No Variations]"
Change component parameters (AddParameter): Name = "Part Number"; Value = "CAP-00070"; VariantName = "[No Variations]"
Change component parameters (AddParameter): Name = "Tolerance"; Value = "10%"; VariantName = "[No Variations]"
Change component parameters (AddParameter): Name = "Type"; Value = "X7R"; VariantName = "[No Variations]"
Change component parameters (AddParameter): Name = "Voltage Rating"; Value = "50V"; VariantName = "[No Variations]"
Change component parameters: Designator = "R17" ("R17"); Footprint = "RES 0603_1608"; UniqueID = "\ZVIGCIEY" ("\ZVIGCIEY")
Change component parameters (AddParameter): Name = "Manufacturer"; Value = "Rohm Semiconductor"; VariantName = "[No Variations]"
Change component parameters (AddParameter): Name = "Manufacturer PN"; Value = "KTR10EZPF1002"; VariantName = "[No Variations]"
Change component parameters (AddParameter): Name = "Part Number"; Value = "RES-00307"; VariantName = "[No Variations]"
Change component parameters (AddParameter): Name = "Power Rating"; Value = "0.125W"; VariantName = "[No Variations]"
Change component parameters (AddParameter): Name = "Resistance"; Value = "10k"; VariantName = "[No Variations]"
Change component parameters (AddParameter): Name = "Tolerance"; Value = "1%"; VariantName = "[No Variations]"
Added Pin To Net: NetName=VCC_PROT Pin=C13-1
Added Pin To Net: NetName=AVDD Pin=C16-1
Added Pin To Net: NetName=GND Pin=C16-2
Added Pin To Net: NetName=GND Pin=C17-2
Added Pin To Net: NetName=VCC_PROT Pin=C18-1
Added Pin To Net: NetName=GND Pin=C18-2
Added Pin To Net: NetName=+3.3 Pin=C22-1
Added Pin To Net: NetName=GND Pin=C22-2
Added Pin To Net: NetName=AVDD Pin=R17-1
Added Pin To Net: NetName=NetQ1_3 Pin=R17-2
Added Pin To Net: NetName=NetC14_1 Pin=U4-3
Added Pin To Net: NetName=NetC14_2 Pin=U4-4
Added Pin To Net: NetName=NetC13_2 Pin=C13-2
Added Pin To Net: NetName=NetC13_2 Pin=U4-2
Added Net: Name=NetC13_2
Added Pin To Net: NetName=NetC17_1 Pin=C17-1
Added Pin To Net: NetName=NetC17_1 Pin=U4-8
Added Net: Name=NetC17_1
