Removed Member From Class: ClassName=IO Member=D3
Change Component Footprint: Designator=R22 Old Footprint=chip_0603 New Footprint=chip_0603
Added Component: Designator=D1(chip_0603_LED)
Add component (AddParameter): Name = "Cost"; Value = "0.58"; VariantName = "[No Variations]"
Add component (AddParameter): Name = "Current Rating"; Value = "30mA"; VariantName = "[No Variations]"
Add component (AddParameter): Name = "Forward Voltage"; Value = "2.65V"; VariantName = "[No Variations]"
Add component (AddParameter): Name = "Manufacturer"; Value = "Kingbright"; VariantName = "[No Variations]"
Add component (AddParameter): Name = "Manufacturer PN"; Value = "APT1608LVBC/D"; VariantName = "[No Variations]"
Add component (AddParameter): Name = "Part Number"; Value = "DIO-00049"; VariantName = "[No Variations]"
Add component (AddParameter): Name = "Power Rating"; Value = "120mW"; VariantName = "[No Variations]"
Add component (AddParameter): Name = "Reverse Breakdown Voltage"; Value = "5V"; VariantName = "[No Variations]"
Add component (AddParameter): Name = "Type"; Value = "LED"; VariantName = "[No Variations]"
Added Component: Designator=D2(chip_0603_LED)
Add component (AddParameter): Name = "Cost"; Value = "0.58"; VariantName = "[No Variations]"
Add component (AddParameter): Name = "Current Rating"; Value = "30mA"; VariantName = "[No Variations]"
Add component (AddParameter): Name = "Forward Voltage"; Value = "2.65V"; VariantName = "[No Variations]"
Add component (AddParameter): Name = "Manufacturer"; Value = "Kingbright"; VariantName = "[No Variations]"
Add component (AddParameter): Name = "Manufacturer PN"; Value = "APT1608LVBC/D"; VariantName = "[No Variations]"
Add component (AddParameter): Name = "Part Number"; Value = "DIO-00049"; VariantName = "[No Variations]"
Add component (AddParameter): Name = "Power Rating"; Value = "120mW"; VariantName = "[No Variations]"
Add component (AddParameter): Name = "Reverse Breakdown Voltage"; Value = "5V"; VariantName = "[No Variations]"
Add component (AddParameter): Name = "Type"; Value = "LED"; VariantName = "[No Variations]"
Added Pin To Net: NetName=GND Pin=D1-1
Added Pin To Net: NetName=NetD1_2 Pin=D1-2
Added Pin To Net: NetName=GND Pin=D2-1
Added Pin To Net: NetName=NetD2_2 Pin=D2-2
Added Member To Class: ClassName=IO Member=Component D1 diode_4
Added Member To Class: ClassName=IO Member=Component D2 diode_4
