Removed Pin From Net: NetName=VCC Pin=C13-2
Removed Pin From Net: NetName=VCC Pin=C15-2
Removed Pin From Net: NetName=VCC Pin=C18-2
Removed Pin From Net: NetName=NetD4_2 Pin=IC1-1
Removed Pin From Net: NetName=NetC11_2 Pin=IC1-2
Removed Pin From Net: NetName=VCC Pin=IC1-3
Removed Pin From Net: NetName=VCC Pin=U4-1
Removed Member From Class: ClassName=Power Member=IC1
Added Component: Designator=Q2(DPAK_0)
Add component (AddParameter): Name = "Manufacturer"; Value = "ST"; VariantName = "[No Variations]"
Add component (AddParameter): Name = "Manufacturer PN"; Value = "STD30PF03LT4"; VariantName = "[No Variations]"
Add component (AddParameter): Name = "Max Current"; Value = "24A"; VariantName = "[No Variations]"
Add component (AddParameter): Name = "Max Power"; Value = "70W"; VariantName = "[No Variations]"
Add component (AddParameter): Name = "Max Voltage"; Value = "30V"; VariantName = "[No Variations]"
Add component (AddParameter): Name = "Part Number"; Value = "XSTR-00010"; VariantName = "[No Variations]"
Add component (AddParameter): Name = "Type"; Value = "PFET"; VariantName = "[No Variations]"
Add component (AddParameter): Name = "Vgs/Vce"; Value = "1V"; VariantName = "[No Variations]"
Added Pin To Net: NetName=VCC_PROTECTED Pin=C13-2
Added Pin To Net: NetName=VCC_PROTECTED Pin=C15-2
Added Pin To Net: NetName=VCC_PROTECTED Pin=C18-2
Added Pin To Net: NetName=NetD4_2 Pin=Q2-1
Added Pin To Net: NetName=NetC11_2 Pin=Q2-2
Added Pin To Net: NetName=VCC Pin=Q2-3
Added Pin To Net: NetName=VCC_PROTECTED Pin=U4-1
Change Net Name : Old Net Name=VCC_PROTECTED New Net Name=VCC_PROT
Added Member To Class: ClassName=Power Member=Component Q2 p-mosfet_1
